Using pre-set license
Built from '2022.3/staging' branch; Version is '2022.3.22f1 (887be4894c44) revision 8944612'; Using compiler version '192829333'; Build Type 'Release'
OS: 'Windows 10  (10.0.19045) 64bit Professional' Language: 'ru' Physical Memory: 15775 MB
BatchMode: 1, IsHumanControllingUs: 0, StartBugReporterOnCrash: 0, Is64bit: 1, IsPro: 1

COMMAND LINE ARGUMENTS:
C:\Program Files\Unity\Hub\Editor\2022.3.22f1\Editor\Unity.exe
-adb2
-batchMode
-noUpm
-name
AssetImportWorker0
-projectPath
C:/PieRatsUnity/BlackSky
-logFile
Logs/AssetImportWorker0.log
-srvPort
59036
Successfully changed project path to: C:/PieRatsUnity/BlackSky
C:/PieRatsUnity/BlackSky
[UnityMemory] Configuration Parameters - Can be set up in boot.config
    "memorysetup-bucket-allocator-granularity=16"
    "memorysetup-bucket-allocator-bucket-count=8"
    "memorysetup-bucket-allocator-block-size=33554432"
    "memorysetup-bucket-allocator-block-count=8"
    "memorysetup-main-allocator-block-size=16777216"
    "memorysetup-thread-allocator-block-size=16777216"
    "memorysetup-gfx-main-allocator-block-size=16777216"
    "memorysetup-gfx-thread-allocator-block-size=16777216"
    "memorysetup-cache-allocator-block-size=4194304"
    "memorysetup-typetree-allocator-block-size=2097152"
    "memorysetup-profiler-bucket-allocator-granularity=16"
    "memorysetup-profiler-bucket-allocator-bucket-count=8"
    "memorysetup-profiler-bucket-allocator-block-size=33554432"
    "memorysetup-profiler-bucket-allocator-block-count=8"
    "memorysetup-profiler-allocator-block-size=16777216"
    "memorysetup-profiler-editor-allocator-block-size=1048576"
    "memorysetup-temp-allocator-size-main=16777216"
    "memorysetup-job-temp-allocator-block-size=2097152"
    "memorysetup-job-temp-allocator-block-size-background=1048576"
    "memorysetup-job-temp-allocator-reduction-small-platforms=262144"
    "memorysetup-allocator-temp-initial-block-size-main=262144"
    "memorysetup-allocator-temp-initial-block-size-worker=262144"
    "memorysetup-temp-allocator-size-background-worker=32768"
    "memorysetup-temp-allocator-size-job-worker=262144"
    "memorysetup-temp-allocator-size-preload-manager=33554432"
    "memorysetup-temp-allocator-size-nav-mesh-worker=65536"
    "memorysetup-temp-allocator-size-audio-worker=65536"
    "memorysetup-temp-allocator-size-cloud-worker=32768"
    "memorysetup-temp-allocator-size-gi-baking-worker=262144"
    "memorysetup-temp-allocator-size-gfx=262144"
Player connection [7676] Host "[IP] 26.171.128.107 [Port] 0 [Flags] 2 [Guid] 1639270749 [EditorId] 1639270749 [Version] 1048832 [Id] WindowsEditor(7,DESKTOP-IDNSL5S) [Debug] 1 [PackageName] WindowsEditor [ProjectName] Editor" joined multi-casting on [225.0.0.222:54997]...

Player connection [7676] Host "[IP] 26.171.128.107 [Port] 0 [Flags] 2 [Guid] 1639270749 [EditorId] 1639270749 [Version] 1048832 [Id] WindowsEditor(7,DESKTOP-IDNSL5S) [Debug] 1 [PackageName] WindowsEditor [ProjectName] Editor" joined alternative multi-casting on [225.0.0.222:34997]...

[Physics::Module] Initialized MultithreadedJobDispatcher with 11 workers.
Refreshing native plugins compatible for Editor in 11.71 ms, found 3 plugins.
Preloading 0 native plugins for Editor in 0.00 ms.
Initialize engine version: 2022.3.22f1 (887be4894c44)
[Subsystems] Discovering subsystems at path C:/Program Files/Unity/Hub/Editor/2022.3.22f1/Editor/Data/Resources/UnitySubsystems
[Subsystems] Discovering subsystems at path C:/PieRatsUnity/BlackSky/Assets
GfxDevice: creating device client; threaded=0; jobified=0
Direct3D:
    Version:  Direct3D 11.0 [level 11.1]
    Renderer: AMD Radeon(TM) Graphics (ID=0x1638)
    Vendor:   ATI
    VRAM:     7887 MB
    Driver:   31.0.12044.37003
Initialize mono
Mono path[0] = 'C:/Program Files/Unity/Hub/Editor/2022.3.22f1/Editor/Data/Managed'
Mono path[1] = 'C:/Program Files/Unity/Hub/Editor/2022.3.22f1/Editor/Data/MonoBleedingEdge/lib/mono/unityjit-win32'
Mono config path = 'C:/Program Files/Unity/Hub/Editor/2022.3.22f1/Editor/Data/MonoBleedingEdge/etc'
Using monoOptions --debugger-agent=transport=dt_socket,embedding=1,server=y,suspend=n,address=127.0.0.1:56908
Begin MonoManager ReloadAssembly
Registering precompiled unity dll's ...
Register platform support module: C:/Program Files/Unity/Hub/Editor/2022.3.22f1/Editor/Data/PlaybackEngines/WebGLSupport/UnityEditor.WebGL.Extensions.dll
Register platform support module: C:/Program Files/Unity/Hub/Editor/2022.3.22f1/Editor/Data/PlaybackEngines/WindowsStandaloneSupport/UnityEditor.WindowsStandalone.Extensions.dll
Registered in 0.009293 seconds.
- Loaded All Assemblies, in  0.333 seconds
Native extension for WindowsStandalone target not found
Native extension for WebGL target not found
Mono: successfully reloaded assembly
- Finished resetting the current domain, in  0.270 seconds
Domain Reload Profiling: 601ms
	BeginReloadAssembly (105ms)
		ExecutionOrderSort (0ms)
		DisableScriptedObjects (0ms)
		BackupInstance (0ms)
		ReleaseScriptingObjects (0ms)
		CreateAndSetChildDomain (1ms)
	RebuildCommonClasses (30ms)
	RebuildNativeTypeToScriptingClass (9ms)
	initialDomainReloadingComplete (60ms)
	LoadAllAssembliesAndSetupDomain (127ms)
		LoadAssemblies (103ms)
		RebuildTransferFunctionScriptingTraits (0ms)
		AnalyzeDomain (125ms)
			TypeCache.Refresh (123ms)
				TypeCache.ScanAssembly (112ms)
			ScanForSourceGeneratedMonoScriptInfo (0ms)
			ResolveRequiredComponents (0ms)
	FinalizeReload (271ms)
		ReleaseScriptCaches (0ms)
		RebuildScriptCaches (0ms)
		SetupLoadedEditorAssemblies (213ms)
			LogAssemblyErrors (0ms)
			InitializePlatformSupportModulesInManaged (12ms)
			SetLoadedEditorAssemblies (5ms)
			RefreshPlugins (0ms)
			BeforeProcessingInitializeOnLoad (2ms)
			ProcessInitializeOnLoadAttributes (145ms)
			ProcessInitializeOnLoadMethodAttributes (47ms)
			AfterProcessingInitializeOnLoad (0ms)
			EditorAssembliesLoaded (0ms)
		ExecutionOrderSort2 (0ms)
		AwakeInstancesAfterBackupRestoration (0ms)
========================================================================
Worker process is ready to serve import requests
Begin MonoManager ReloadAssembly
- Loaded All Assemblies, in  0.749 seconds
Refreshing native plugins compatible for Editor in 4.76 ms, found 3 plugins.
Native extension for WindowsStandalone target not found
Native extension for WebGL target not found
Package Manager log level set to [2]
[Package Manager] Server::EnsureServerProcessIsRunning -- launch failed, reason: Unity was launched with the -noUpm command-line argument
[Package Manager] UpmClient::Send -- Unable to send message (not connected to UPM process).
[Package Manager] Cannot connect to Unity Package Manager local server
Mono: successfully reloaded assembly
- Finished resetting the current domain, in  0.772 seconds
Domain Reload Profiling: 1518ms
	BeginReloadAssembly (159ms)
		ExecutionOrderSort (0ms)
		DisableScriptedObjects (5ms)
		BackupInstance (0ms)
		ReleaseScriptingObjects (0ms)
		CreateAndSetChildDomain (25ms)
	RebuildCommonClasses (30ms)
	RebuildNativeTypeToScriptingClass (9ms)
	initialDomainReloadingComplete (42ms)
	LoadAllAssembliesAndSetupDomain (505ms)
		LoadAssemblies (359ms)
		RebuildTransferFunctionScriptingTraits (0ms)
		AnalyzeDomain (242ms)
			TypeCache.Refresh (201ms)
				TypeCache.ScanAssembly (185ms)
			ScanForSourceGeneratedMonoScriptInfo (28ms)
			ResolveRequiredComponents (11ms)
	FinalizeReload (773ms)
		ReleaseScriptCaches (0ms)
		RebuildScriptCaches (0ms)
		SetupLoadedEditorAssemblies (605ms)
			LogAssemblyErrors (0ms)
			InitializePlatformSupportModulesInManaged (8ms)
			SetLoadedEditorAssemblies (3ms)
			RefreshPlugins (0ms)
			BeforeProcessingInitializeOnLoad (83ms)
			ProcessInitializeOnLoadAttributes (431ms)
			ProcessInitializeOnLoadMethodAttributes (72ms)
			AfterProcessingInitializeOnLoad (7ms)
			EditorAssembliesLoaded (0ms)
		ExecutionOrderSort2 (0ms)
		AwakeInstancesAfterBackupRestoration (6ms)
Launched and connected shader compiler UnityShaderCompiler.exe after 0.04 seconds
Refreshing native plugins compatible for Editor in 5.07 ms, found 3 plugins.
Preloading 0 native plugins for Editor in 0.00 ms.
Unloading 5954 Unused Serialized files (Serialized files now loaded: 0)
Unloading 95 unused Assets / (0.8 MB). Loaded Objects now: 6424.
Memory consumption went from 227.9 MB to 227.0 MB.
Total: 4.954000 ms (FindLiveObjects: 0.518300 ms CreateObjectMapping: 0.573000 ms MarkObjects: 3.380700 ms  DeleteObjects: 0.481000 ms)

AssetImportParameters requested are different than current active one (requested -> active):
  custom:container-demuxer-ogg: 62fdf1f143b41e24485cea50d1cbac27 -> 
  custom:video-decoder-ogg-theora: a1e56fd34408186e4bbccfd4996cb3dc -> 
  custom:framework-win-MediaFoundation: 216162199b28c13a410421893ffa2e32 -> 
  custom:CustomObjectIndexerAttribute: 72b91833f83ae208fae7752999fa3104 -> 
  custom:container-demuxer-webm: 4f35f7cbe854078d1ac9338744f61a02 -> 
  custom:container-muxer-webm: aa71ff27fc2769a1b78a27578f13a17b -> 
  custom:video-decoder-webm-vp8: 9c59270c3fd7afecdb556c50c9e8de78 -> 
  custom:SearchIndexIgnoredProperties: e643bd26f0fe6173181afceb89e7c659 -> 
  custom:AudioImporter_EditorPlatform: d09bf68614088b80899f8185d706f6e7 -> 
  custom:video-encoder-webm-vp8: eb34c28f22e8b96e1ab97ce403110664 -> 
  custom:audio-decoder-ogg-vorbis: bf7c407c2cedff20999df2af8eb42d56 -> 
  custom:audio-encoder-webm-vorbis: bf7c407c2cedff20999df2af8eb42d56 -> 
========================================================================
Received Import Request.
  Time since last request: 253746.320881 seconds.
  path: Assets/New Material 1.mat
  artifactKey: Guid(2568e095c71b7d641bc08fc655cbbbe1) Importer(815301076,1909f56bfc062723c751e8b465ee728b)
Start importing Assets/New Material 1.mat using Guid(2568e095c71b7d641bc08fc655cbbbe1) Importer(815301076,1909f56bfc062723c751e8b465ee728b)  -> (artifact id: '83e1fb6846ec3e86ab0a88625aea7402') in 0.097421 seconds
Number of updated asset objects reloaded before import = 0
Number of asset objects unloaded after import = 1
========================================================================
Received Import Request.
  Time since last request: 30.681163 seconds.
  path: Assets/Scenes/New Material 1.mat
  artifactKey: Guid(2568e095c71b7d641bc08fc655cbbbe1) Importer(815301076,1909f56bfc062723c751e8b465ee728b)
Start importing Assets/Scenes/New Material 1.mat using Guid(2568e095c71b7d641bc08fc655cbbbe1) Importer(815301076,1909f56bfc062723c751e8b465ee728b)  -> (artifact id: 'e2c99390faf5ef65b39fff40d18527ac') in 0.017911 seconds
Number of updated asset objects reloaded before import = 0
Number of asset objects unloaded after import = 1
========================================================================
Received Import Request.
  Time since last request: 110.228670 seconds.
  path: Assets/Building Assets/Materials/window_door.mat
  artifactKey: Guid(daa27e8806468f448982b5b19dff8414) Importer(815301076,1909f56bfc062723c751e8b465ee728b)
Start importing Assets/Building Assets/Materials/window_door.mat using Guid(daa27e8806468f448982b5b19dff8414) Importer(815301076,1909f56bfc062723c751e8b465ee728b)  -> (artifact id: '38d36cfadb194ec0ce5fcb8995de6de2') in 0.057350 seconds
Number of updated asset objects reloaded before import = 0
Number of asset objects unloaded after import = 4
========================================================================
Received Import Request.
  Time since last request: 0.391196 seconds.
  path: Assets/Building Assets/Materials/walls.mat
  artifactKey: Guid(32dbbbe6eab89d94abac7b427c108e4b) Importer(815301076,1909f56bfc062723c751e8b465ee728b)
Start importing Assets/Building Assets/Materials/walls.mat using Guid(32dbbbe6eab89d94abac7b427c108e4b) Importer(815301076,1909f56bfc062723c751e8b465ee728b)  -> (artifact id: '2a591e1a9c62fac9b5b1e60333e338b6') in 0.028435 seconds
Number of updated asset objects reloaded before import = 0
Number of asset objects unloaded after import = 4
========================================================================
Received Import Request.
  Time since last request: 2.593403 seconds.
  path: Assets/Building Assets/Materials/wall_roof.mat
  artifactKey: Guid(66f6e095200840f4583799d25254526c) Importer(815301076,1909f56bfc062723c751e8b465ee728b)
Start importing Assets/Building Assets/Materials/wall_roof.mat using Guid(66f6e095200840f4583799d25254526c) Importer(815301076,1909f56bfc062723c751e8b465ee728b)  -> (artifact id: '54c50080c35141505f0e9ec0efbab88b') in 0.016142 seconds
Number of updated asset objects reloaded before import = 0
Number of asset objects unloaded after import = 4
========================================================================
Received Import Request.
  Time since last request: 0.000015 seconds.
  path: Assets/Building Assets/Materials/wall_in.mat
  artifactKey: Guid(536e3669c2e9e454da26a236c89d1e21) Importer(815301076,1909f56bfc062723c751e8b465ee728b)
Start importing Assets/Building Assets/Materials/wall_in.mat using Guid(536e3669c2e9e454da26a236c89d1e21) Importer(815301076,1909f56bfc062723c751e8b465ee728b)  -> (artifact id: '623a6beefb663de5acc89a286cae9289') in 0.017543 seconds
Number of updated asset objects reloaded before import = 0
Number of asset objects unloaded after import = 4
========================================================================
Received Import Request.
  Time since last request: 0.000014 seconds.
  path: Assets/Building Assets/Materials/wall_garage_ornament.mat
  artifactKey: Guid(f830c50003a08ce4d85f649bc160a079) Importer(815301076,1909f56bfc062723c751e8b465ee728b)
Start importing Assets/Building Assets/Materials/wall_garage_ornament.mat using Guid(f830c50003a08ce4d85f649bc160a079) Importer(815301076,1909f56bfc062723c751e8b465ee728b)  -> (artifact id: '86becd8c143201c1ef9401bc3786850d') in 0.015957 seconds
Number of updated asset objects reloaded before import = 0
Number of asset objects unloaded after import = 4
========================================================================
Received Import Request.
  Time since last request: 0.000023 seconds.
  path: Assets/Building Assets/Materials/wall_window.mat
  artifactKey: Guid(9e8a07c1d794ba84994d6de4f21a9864) Importer(815301076,1909f56bfc062723c751e8b465ee728b)
Start importing Assets/Building Assets/Materials/wall_window.mat using Guid(9e8a07c1d794ba84994d6de4f21a9864) Importer(815301076,1909f56bfc062723c751e8b465ee728b)  -> (artifact id: '701bedafca3786c47c9bed565f2afa92') in 0.018644 seconds
Number of updated asset objects reloaded before import = 0
Number of asset objects unloaded after import = 4
========================================================================
Received Import Request.
  Time since last request: 1.482666 seconds.
  path: Assets/HousePack/Models/House8/Materials/vgs_shopwall01_128.mat
  artifactKey: Guid(b1f71a3195ad9b542966c19d94b224fa) Importer(815301076,1909f56bfc062723c751e8b465ee728b)
Start importing Assets/HousePack/Models/House8/Materials/vgs_shopwall01_128.mat using Guid(b1f71a3195ad9b542966c19d94b224fa) Importer(815301076,1909f56bfc062723c751e8b465ee728b)  -> (artifact id: '9c59fb1c58c592c6f2d482113b678b0d') in 0.013559 seconds
Number of updated asset objects reloaded before import = 0
Number of asset objects unloaded after import = 1
========================================================================
Received Import Request.
  Time since last request: 0.000017 seconds.
  path: Assets/Building Assets/Materials/wall_door.mat
  artifactKey: Guid(30433eedcc93bae4bb7699133aa6f6fa) Importer(815301076,1909f56bfc062723c751e8b465ee728b)
Start importing Assets/Building Assets/Materials/wall_door.mat using Guid(30433eedcc93bae4bb7699133aa6f6fa) Importer(815301076,1909f56bfc062723c751e8b465ee728b)  -> (artifact id: 'bb347d532f3e10432bf41f8032a95c6b') in 0.018524 seconds
Number of updated asset objects reloaded before import = 0
Number of asset objects unloaded after import = 4
========================================================================
Received Import Request.
  Time since last request: 0.069308 seconds.
  path: Assets/Building Assets/Materials/roof.mat
  artifactKey: Guid(53bc2feb11253764fa3044e1992f6d04) Importer(815301076,1909f56bfc062723c751e8b465ee728b)
Start importing Assets/Building Assets/Materials/roof.mat using Guid(53bc2feb11253764fa3044e1992f6d04) Importer(815301076,1909f56bfc062723c751e8b465ee728b)  -> (artifact id: 'd4dea4c9f8a8a66258defd40c4469cde') in 0.016598 seconds
Number of updated asset objects reloaded before import = 0
Number of asset objects unloaded after import = 4
========================================================================
Received Import Request.
  Time since last request: 0.000015 seconds.
  path: Assets/Building Assets/Materials/rusted_metal.mat
  artifactKey: Guid(0035522bd7d405d498fd9a7f41b50462) Importer(815301076,1909f56bfc062723c751e8b465ee728b)
Start importing Assets/Building Assets/Materials/rusted_metal.mat using Guid(0035522bd7d405d498fd9a7f41b50462) Importer(815301076,1909f56bfc062723c751e8b465ee728b)  -> (artifact id: '87d0e81d37fcf9bb13e9522b121f0cf8') in 0.015916 seconds
Number of updated asset objects reloaded before import = 0
Number of asset objects unloaded after import = 4
========================================================================
Received Import Request.
  Time since last request: 0.431525 seconds.
  path: Assets/Building Assets/Materials/plane.mat
  artifactKey: Guid(c6fd19c521adba54cab51b4cbaec357d) Importer(815301076,1909f56bfc062723c751e8b465ee728b)
Start importing Assets/Building Assets/Materials/plane.mat using Guid(c6fd19c521adba54cab51b4cbaec357d) Importer(815301076,1909f56bfc062723c751e8b465ee728b)  -> (artifact id: 'dc25aeca33a89710061038c350f8e618') in 0.015248 seconds
Number of updated asset objects reloaded before import = 0
Number of asset objects unloaded after import = 1
========================================================================
Received Import Request.
  Time since last request: 0.000015 seconds.
  path: Assets/PLAYER_CHARACTER/MALE_CH/MALE_CH.obj
  artifactKey: Guid(ccfb7d7d995e72d40b7b006db404303c) Importer(815301076,1909f56bfc062723c751e8b465ee728b)
Start importing Assets/PLAYER_CHARACTER/MALE_CH/MALE_CH.obj using Guid(ccfb7d7d995e72d40b7b006db404303c) Importer(815301076,1909f56bfc062723c751e8b465ee728b)  -> (artifact id: 'd21f48acd6b1e80eb262f806c3d61c7e') in 0.114979 seconds
Number of updated asset objects reloaded before import = 0
Number of asset objects unloaded after import = 58
========================================================================
Received Import Request.
  Time since last request: 0.000018 seconds.
  path: Assets/CaptainCatSparrow/PBR_Materials/500_Materials/Scenes/ProceduralSkybox.mat
  artifactKey: Guid(99ea846b86fa39744835672f1abc18d0) Importer(815301076,1909f56bfc062723c751e8b465ee728b)
Start importing Assets/CaptainCatSparrow/PBR_Materials/500_Materials/Scenes/ProceduralSkybox.mat using Guid(99ea846b86fa39744835672f1abc18d0) Importer(815301076,1909f56bfc062723c751e8b465ee728b)  -> (artifact id: '784cb28a05d3188340e5dbf911d6f3dd') in 0.100773 seconds
Number of updated asset objects reloaded before import = 0
Number of asset objects unloaded after import = 1
========================================================================
Received Import Request.
  Time since last request: 0.038564 seconds.
  path: Assets/Building Assets/Materials/old_paint.mat
  artifactKey: Guid(80d5236b5c7308047a50aaf56e980e8b) Importer(815301076,1909f56bfc062723c751e8b465ee728b)
Start importing Assets/Building Assets/Materials/old_paint.mat using Guid(80d5236b5c7308047a50aaf56e980e8b) Importer(815301076,1909f56bfc062723c751e8b465ee728b)  -> (artifact id: 'f98513a4965bdb90b94d30f4eb4d7fd8') in 0.019482 seconds
Number of updated asset objects reloaded before import = 0
Number of asset objects unloaded after import = 4
========================================================================
Received Import Request.
  Time since last request: 0.025973 seconds.
  path: Assets/CaptainCatSparrow/PBR_Materials/500_Materials/Materials/Wood/mWood_9.mat
  artifactKey: Guid(1e9535572be16514a8fb9a41dfab99d8) Importer(815301076,1909f56bfc062723c751e8b465ee728b)
Start importing Assets/CaptainCatSparrow/PBR_Materials/500_Materials/Materials/Wood/mWood_9.mat using Guid(1e9535572be16514a8fb9a41dfab99d8) Importer(815301076,1909f56bfc062723c751e8b465ee728b)  -> (artifact id: '8047a1cdd02d920111656ffce5998508') in 0.027814 seconds
Number of updated asset objects reloaded before import = 0
Number of asset objects unloaded after import = 6
========================================================================
Received Import Request.
  Time since last request: 0.000014 seconds.
  path: Assets/CaptainCatSparrow/PBR_Materials/500_Materials/Materials/Wood/mWood_7.mat
  artifactKey: Guid(b0b387cf9c80ce04db9a8a22e69933a3) Importer(815301076,1909f56bfc062723c751e8b465ee728b)
Start importing Assets/CaptainCatSparrow/PBR_Materials/500_Materials/Materials/Wood/mWood_7.mat using Guid(b0b387cf9c80ce04db9a8a22e69933a3) Importer(815301076,1909f56bfc062723c751e8b465ee728b)  -> (artifact id: 'd158db49015053e68aef9afe0a619952') in 0.030643 seconds
Number of updated asset objects reloaded before import = 0
Number of asset objects unloaded after import = 6
========================================================================
Received Import Request.
  Time since last request: 0.000018 seconds.
  path: Assets/CaptainCatSparrow/PBR_Materials/500_Materials/Materials/Wood/mWood_5.mat
  artifactKey: Guid(8fc6644c24b3ad5448cfc628fd2cd733) Importer(815301076,1909f56bfc062723c751e8b465ee728b)
Start importing Assets/CaptainCatSparrow/PBR_Materials/500_Materials/Materials/Wood/mWood_5.mat using Guid(8fc6644c24b3ad5448cfc628fd2cd733) Importer(815301076,1909f56bfc062723c751e8b465ee728b)  -> (artifact id: '01094c24aa5ecec6c2206068bfa9099f') in 0.024589 seconds
Number of updated asset objects reloaded before import = 0
Number of asset objects unloaded after import = 6
========================================================================
Received Import Request.
  Time since last request: 0.000016 seconds.
  path: Assets/CaptainCatSparrow/PBR_Materials/500_Materials/Materials/Wood/mWood_10.mat
  artifactKey: Guid(4fc633e8098c6914eb27d51c399ed7d1) Importer(815301076,1909f56bfc062723c751e8b465ee728b)
Start importing Assets/CaptainCatSparrow/PBR_Materials/500_Materials/Materials/Wood/mWood_10.mat using Guid(4fc633e8098c6914eb27d51c399ed7d1) Importer(815301076,1909f56bfc062723c751e8b465ee728b)  -> (artifact id: 'cfb879de7b3c92aca6968a66117e7532') in 0.024192 seconds
Number of updated asset objects reloaded before import = 0
Number of asset objects unloaded after import = 6
========================================================================
Received Import Request.
  Time since last request: 0.000019 seconds.
  path: Assets/CaptainCatSparrow/PBR_Materials/500_Materials/Materials/Wood/mWood_8.mat
  artifactKey: Guid(47e70f4d1af2d2045a9e09547572f23a) Importer(815301076,1909f56bfc062723c751e8b465ee728b)
Start importing Assets/CaptainCatSparrow/PBR_Materials/500_Materials/Materials/Wood/mWood_8.mat using Guid(47e70f4d1af2d2045a9e09547572f23a) Importer(815301076,1909f56bfc062723c751e8b465ee728b)  -> (artifact id: '25bef25b2d071b61f2c142032ecb739f') in 0.023700 seconds
Number of updated asset objects reloaded before import = 0
Number of asset objects unloaded after import = 6
========================================================================
Received Import Request.
  Time since last request: 0.000027 seconds.
  path: Assets/CaptainCatSparrow/PBR_Materials/500_Materials/Materials/Wood/mWood_6.mat
  artifactKey: Guid(37ec827f52b73e648902e2cb6b8cac0a) Importer(815301076,1909f56bfc062723c751e8b465ee728b)
Start importing Assets/CaptainCatSparrow/PBR_Materials/500_Materials/Materials/Wood/mWood_6.mat using Guid(37ec827f52b73e648902e2cb6b8cac0a) Importer(815301076,1909f56bfc062723c751e8b465ee728b)  -> (artifact id: 'ac69d3b4024156cfc8b71ce77a3149db') in 0.024918 seconds
Number of updated asset objects reloaded before import = 0
Number of asset objects unloaded after import = 6
========================================================================
Received Import Request.
  Time since last request: 21.156676 seconds.
  path: Assets/New Material 1.mat
  artifactKey: Guid(2568e095c71b7d641bc08fc655cbbbe1) Importer(815301076,1909f56bfc062723c751e8b465ee728b)
Start importing Assets/New Material 1.mat using Guid(2568e095c71b7d641bc08fc655cbbbe1) Importer(815301076,1909f56bfc062723c751e8b465ee728b)  -> (artifact id: '61963d486d60343992deab3283f2c845') in 0.013618 seconds
Number of updated asset objects reloaded before import = 0
Number of asset objects unloaded after import = 1
========================================================================
Received Import Request.
  Time since last request: 25.490214 seconds.
  path: Assets/HousePack/Models/House8/Textures/10.bmp
  artifactKey: Guid(6472636f377d3d640b28575c5131a153) Importer(815301076,1909f56bfc062723c751e8b465ee728b)
Start importing Assets/HousePack/Models/House8/Textures/10.bmp using Guid(6472636f377d3d640b28575c5131a153) Importer(815301076,1909f56bfc062723c751e8b465ee728b)  -> (artifact id: 'd9e92f77722530d1436a4f855452ac34') in 0.033209 seconds
Number of updated asset objects reloaded before import = 0
Number of asset objects unloaded after import = 2
========================================================================
Received Import Request.
  Time since last request: 0.000016 seconds.
  path: Assets/HousePack/Models/House8/Textures/12.bmp
  artifactKey: Guid(7cc30e473318ae94096317cc652252e7) Importer(815301076,1909f56bfc062723c751e8b465ee728b)
Start importing Assets/HousePack/Models/House8/Textures/12.bmp using Guid(7cc30e473318ae94096317cc652252e7) Importer(815301076,1909f56bfc062723c751e8b465ee728b)  -> (artifact id: 'cae154c1a75eebe69b2b5c7d78e571a6') in 0.012804 seconds
Number of updated asset objects reloaded before import = 0
Number of asset objects unloaded after import = 2
========================================================================
Received Import Request.
  Time since last request: 0.000016 seconds.
  path: Assets/Building Assets/Terrain/asphalt_AO.psd
  artifactKey: Guid(4d58999480e512744838676376d3a366) Importer(815301076,1909f56bfc062723c751e8b465ee728b)
Start importing Assets/Building Assets/Terrain/asphalt_AO.psd using Guid(4d58999480e512744838676376d3a366) Importer(815301076,1909f56bfc062723c751e8b465ee728b)  -> (artifact id: 'a2e0cb1640347453041a38f96582f303') in 0.013699 seconds
Number of updated asset objects reloaded before import = 0
Number of asset objects unloaded after import = 2
========================================================================
Received Import Request.
  Time since last request: 0.000015 seconds.
  path: Assets/HousePack/Models/House6/Textures/13.bmp
  artifactKey: Guid(5525575c90c417e4dbef1f12bc37dc9c) Importer(815301076,1909f56bfc062723c751e8b465ee728b)
Start importing Assets/HousePack/Models/House6/Textures/13.bmp using Guid(5525575c90c417e4dbef1f12bc37dc9c) Importer(815301076,1909f56bfc062723c751e8b465ee728b)  -> (artifact id: 'd5a05f279541012089a3e7381ec6e29f') in 0.013174 seconds
Number of updated asset objects reloaded before import = 0
Number of asset objects unloaded after import = 2
========================================================================
Received Import Request.
  Time since last request: 0.000018 seconds.
  path: Assets/Building Assets/Terrain/asphalt_NM.psd
  artifactKey: Guid(0112743f8ed8ab6428c5752ffe1fca88) Importer(815301076,1909f56bfc062723c751e8b465ee728b)
Start importing Assets/Building Assets/Terrain/asphalt_NM.psd using Guid(0112743f8ed8ab6428c5752ffe1fca88) Importer(815301076,1909f56bfc062723c751e8b465ee728b)  -> (artifact id: '64841998cf06b9c64940ffeb3169bb0c') in 0.022719 seconds
Number of updated asset objects reloaded before import = 0
Number of asset objects unloaded after import = 2
========================================================================
Received Import Request.
  Time since last request: 0.000033 seconds.
  path: Assets/HousePack/Models/House6/Textures/11.bmp
  artifactKey: Guid(3afeb6a3efe5aa24e80fc7e89e549953) Importer(815301076,1909f56bfc062723c751e8b465ee728b)
Start importing Assets/HousePack/Models/House6/Textures/11.bmp using Guid(3afeb6a3efe5aa24e80fc7e89e549953) Importer(815301076,1909f56bfc062723c751e8b465ee728b)  -> (artifact id: '1b3dfbef07a630e7a96e97b838bbda47') in 0.013220 seconds
Number of updated asset objects reloaded before import = 0
Number of asset objects unloaded after import = 2
========================================================================
Received Import Request.
  Time since last request: 0.000015 seconds.
  path: Assets/HousePack/Models/House6/Textures/12.bmp
  artifactKey: Guid(8aabf7f6b6a369e4d869a710034005d8) Importer(815301076,1909f56bfc062723c751e8b465ee728b)
Start importing Assets/HousePack/Models/House6/Textures/12.bmp using Guid(8aabf7f6b6a369e4d869a710034005d8) Importer(815301076,1909f56bfc062723c751e8b465ee728b)  -> (artifact id: '0f6dc103a447b6fe39a85608e31d779e') in 0.014878 seconds
Number of updated asset objects reloaded before import = 0
Number of asset objects unloaded after import = 2
========================================================================
Received Import Request.
  Time since last request: 0.000017 seconds.
  path: Assets/HousePack/Models/House8/Textures/11.bmp
  artifactKey: Guid(592292423a32d73429f7f2782f5d1845) Importer(815301076,1909f56bfc062723c751e8b465ee728b)
Start importing Assets/HousePack/Models/House8/Textures/11.bmp using Guid(592292423a32d73429f7f2782f5d1845) Importer(815301076,1909f56bfc062723c751e8b465ee728b)  -> (artifact id: '4c76af4844e20f297b8b859643ccb35b') in 0.013155 seconds
Number of updated asset objects reloaded before import = 0
Number of asset objects unloaded after import = 2
========================================================================
Received Import Request.
  Time since last request: 15.620579 seconds.
  path: Assets/New Material 1.mat
  artifactKey: Guid(2568e095c71b7d641bc08fc655cbbbe1) Importer(815301076,1909f56bfc062723c751e8b465ee728b)
Start importing Assets/New Material 1.mat using Guid(2568e095c71b7d641bc08fc655cbbbe1) Importer(815301076,1909f56bfc062723c751e8b465ee728b)  -> (artifact id: 'c2163e16b017dbb69ede4641355a4a85') in 0.089848 seconds
Number of updated asset objects reloaded before import = 0
Number of asset objects unloaded after import = 2
========================================================================
Received Import Request.
  Time since last request: 2.152444 seconds.
  path: Assets/New Material 1.mat
  artifactKey: Guid(2568e095c71b7d641bc08fc655cbbbe1) Importer(815301076,1909f56bfc062723c751e8b465ee728b)
Start importing Assets/New Material 1.mat using Guid(2568e095c71b7d641bc08fc655cbbbe1) Importer(815301076,1909f56bfc062723c751e8b465ee728b)  -> (artifact id: '66086f30a28cf8f435f64f80d1496fd8') in 0.013775 seconds
Number of updated asset objects reloaded before import = 0
Number of asset objects unloaded after import = 2
